<?xml version="1.0" encoding="UTF-8"?>
<testng-results ignored="0" total="2" passed="2" failed="0" skipped="0">
  <reporter-output>
  </reporter-output>
  <suite started-at="2018-06-06T07:03:29Z" name="Default suite" finished-at="2018-06-06T07:03:29Z" duration-ms="61">
    <groups>
    </groups>
    <test started-at="2018-06-06T07:03:29Z" name="Default test" finished-at="2018-06-06T07:03:29Z" duration-ms="61">
      <class name="oops.B">
        <test-method signature="run()[pri:0, instance:oops.B@445b295b]" started-at="2018-06-06T07:03:29Z" name="run" finished-at="2018-06-06T07:03:29Z" duration-ms="12" status="PASS">
          <reporter-output>
          </reporter-output>
        </test-method> <!-- run -->
        <test-method signature="runner()[pri:0, instance:oops.B@445b295b]" started-at="2018-06-06T07:03:29Z" name="runner" finished-at="2018-06-06T07:03:29Z" duration-ms="9" status="PASS">
          <reporter-output>
          </reporter-output>
        </test-method> <!-- runner -->
      </class> <!-- oops.B -->
    </test> <!-- Default test -->
  </suite> <!-- Default suite -->
</testng-results>
